<?xml version="1.0" encoding="UTF-8"?>
<testng-results ignored="0" total="4" passed="4" failed="0" skipped="0">
  <reporter-output>
  </reporter-output>
  <suite started-at="2024-09-24T23:31:58 IST" name="Default suite" finished-at="2024-09-24T23:32:10 IST" duration-ms="12237">
    <groups>
    </groups>
    <test started-at="2024-09-24T23:31:58 IST" name="Default test" finished-at="2024-09-24T23:32:10 IST" duration-ms="12237">
      <class name="api.test.UserTestsThroughproperties">
        <test-method is-config="true" signature="setup()[pri:0, instance:api.test.UserTestsThroughproperties@3f191845]" started-at="2024-09-24T23:31:58 IST" name="setup" finished-at="2024-09-24T23:32:00 IST" duration-ms="1678" status="PASS">
          <reporter-output>
          </reporter-output>
        </test-method> <!-- setup -->
        <test-method signature="testPostUser()[pri:1, instance:api.test.UserTestsThroughproperties@3f191845]" started-at="2024-09-24T23:32:00 IST" name="testPostUser" finished-at="2024-09-24T23:32:05 IST" duration-ms="4959" status="PASS">
          <reporter-output>
          </reporter-output>
        </test-method> <!-- testPostUser -->
        <test-method signature="testGetUserByname()[pri:2, instance:api.test.UserTestsThroughproperties@3f191845]" started-at="2024-09-24T23:32:05 IST" name="testGetUserByname" finished-at="2024-09-24T23:32:06 IST" duration-ms="1385" status="PASS">
          <reporter-output>
          </reporter-output>
        </test-method> <!-- testGetUserByname -->
        <test-method signature="testUpdateByName()[pri:3, instance:api.test.UserTestsThroughproperties@3f191845]" started-at="2024-09-24T23:32:06 IST" name="testUpdateByName" finished-at="2024-09-24T23:32:09 IST" duration-ms="2777" status="PASS">
          <reporter-output>
          </reporter-output>
        </test-method> <!-- testUpdateByName -->
        <test-method signature="testDeleteUserByname()[pri:4, instance:api.test.UserTestsThroughproperties@3f191845]" started-at="2024-09-24T23:32:09 IST" name="testDeleteUserByname" finished-at="2024-09-24T23:32:10 IST" duration-ms="1319" status="PASS">
          <reporter-output>
          </reporter-output>
        </test-method> <!-- testDeleteUserByname -->
      </class> <!-- api.test.UserTestsThroughproperties -->
    </test> <!-- Default test -->
  </suite> <!-- Default suite -->
</testng-results>
