<?xml version="1.0" encoding="UTF-8"?>
<!-- Generated by org.testng.reporters.JUnitXMLReporter -->
<testsuite ignored="0" hostname="DESKTOP-DFGDKIA" failures="0" tests="6" name="Default test" time="14.21" errors="0" timestamp="2024-09-20T19:36:53 IST">
  <testcase classname="api.test.DataDrivenTest" name="testPostUser" time="5.002"/>
  <testcase classname="api.test.DataDrivenTest" name="testPostUser" time="1.591"/>
  <testcase classname="api.test.DataDrivenTest" name="testPostUser" time="1.114"/>
  <testcase classname="api.test.DataDrivenTest" name="testDeleteUserByName" time="1.122"/>
  <testcase classname="api.test.DataDrivenTest" name="testDeleteUserByName" time="1.049"/>
  <testcase classname="api.test.DataDrivenTest" name="testDeleteUserByName" time="1.051"/>
</testsuite> <!-- Default test -->
